0 info it worked if it ends with ok
1 verbose cli [ 'node', '/usr/local/bin/npm', 'install', '-g', 'bower' ]
2 info using npm@1.4.28
3 info using node@v0.10.35
4 verbose cache add [ 'bower', null ]
5 verbose cache add name=undefined spec="bower" args=["bower",null]
6 verbose parsed url { protocol: null,
6 verbose parsed url   slashes: null,
6 verbose parsed url   auth: null,
6 verbose parsed url   host: null,
6 verbose parsed url   port: null,
6 verbose parsed url   hostname: null,
6 verbose parsed url   hash: null,
6 verbose parsed url   search: null,
6 verbose parsed url   query: null,
6 verbose parsed url   pathname: 'bower',
6 verbose parsed url   path: 'bower',
6 verbose parsed url   href: 'bower' }
7 silly lockFile 206e3ce5-bower bower
8 verbose lock bower /Users/ryanbrownhill/.npm/206e3ce5-bower.lock
9 silly lockFile 206e3ce5-bower bower
10 silly lockFile 206e3ce5-bower bower
11 verbose addNamed [ 'bower', '' ]
12 verbose addNamed [ null, '*' ]
13 silly lockFile 1240aab1-bower bower@
14 verbose lock bower@ /Users/ryanbrownhill/.npm/1240aab1-bower.lock
15 silly addNameRange { name: 'bower', range: '*', hasData: false }
16 verbose request where is /bower
17 verbose request registry https://registry.npmjs.org/
18 verbose request id d280b1ebee5dbbb4
19 verbose url raw /bower
20 verbose url resolving [ 'https://registry.npmjs.org/', './bower' ]
21 verbose url resolved https://registry.npmjs.org/bower
22 verbose request where is https://registry.npmjs.org/bower
23 info trying registry request attempt 1 at 19:25:07
24 verbose etag "CVV4FAN5PY7LYZ78VS4W0FA8W"
25 http GET https://registry.npmjs.org/bower
26 http 200 https://registry.npmjs.org/bower
27 silly registry.get cb [ 200,
27 silly registry.get   { date: 'Sat, 28 Feb 2015 01:25:08 GMT',
27 silly registry.get     server: 'CouchDB/1.5.0 (Erlang OTP/R16B03)',
27 silly registry.get     etag: '"BP1YZKBGAIE38MKI0RCNK8G2H"',
27 silly registry.get     'content-type': 'application/json',
27 silly registry.get     'cache-control': 'max-age=60',
27 silly registry.get     'content-length': '106484',
27 silly registry.get     'accept-ranges': 'bytes',
27 silly registry.get     via: '1.1 varnish',
27 silly registry.get     age: '58',
27 silly registry.get     'x-served-by': 'cache-dfw1825-DFW',
27 silly registry.get     'x-cache': 'HIT',
27 silly registry.get     'x-cache-hits': '1',
27 silly registry.get     'x-timer': 'S1425086708.074221,VS0,VE0',
27 silly registry.get     vary: 'Accept',
27 silly registry.get     'keep-alive': 'timeout=10, max=50',
27 silly registry.get     connection: 'Keep-Alive' } ]
28 silly addNameRange number 2 { name: 'bower', range: '*', hasData: true }
29 silly addNameRange versions [ 'bower',
29 silly addNameRange   [ '0.1.0',
29 silly addNameRange     '0.1.2',
29 silly addNameRange     '0.1.3',
29 silly addNameRange     '0.2.0',
29 silly addNameRange     '0.3.0',
29 silly addNameRange     '0.3.1',
29 silly addNameRange     '0.3.2',
29 silly addNameRange     '0.4.0',
29 silly addNameRange     '0.5.0',
29 silly addNameRange     '0.5.1',
29 silly addNameRange     '0.6.0',
29 silly addNameRange     '0.6.1',
29 silly addNameRange     '0.6.2',
29 silly addNameRange     '0.6.3',
29 silly addNameRange     '0.6.4',
29 silly addNameRange     '0.6.5',
29 silly addNameRange     '0.6.6',
29 silly addNameRange     '0.6.7',
29 silly addNameRange     '0.6.8',
29 silly addNameRange     '0.7.0',
29 silly addNameRange     '0.7.1',
29 silly addNameRange     '0.8.0',
29 silly addNameRange     '0.8.1',
29 silly addNameRange     '0.8.2',
29 silly addNameRange     '0.8.3',
29 silly addNameRange     '0.8.4',
29 silly addNameRange     '0.8.5',
29 silly addNameRange     '0.8.6',
29 silly addNameRange     '0.9.0',
29 silly addNameRange     '0.9.1',
29 silly addNameRange     '0.9.2',
29 silly addNameRange     '0.10.0',
29 silly addNameRange     '1.0.0',
29 silly addNameRange     '1.0.1',
29 silly addNameRange     '1.0.2',
29 silly addNameRange     '1.0.3',
29 silly addNameRange     '1.1.0',
29 silly addNameRange     '1.1.1',
29 silly addNameRange     '1.1.2',
29 silly addNameRange     '1.2.0',
29 silly addNameRange     '1.2.1',
29 silly addNameRange     '1.2.2',
29 silly addNameRange     '1.2.3',
29 silly addNameRange     '1.2.4',
29 silly addNameRange     '1.2.5',
29 silly addNameRange     '1.2.6',
29 silly addNameRange     '1.2.7',
29 silly addNameRange     '1.2.8',
29 silly addNameRange     '1.3.0',
29 silly addNameRange     '1.3.1',
29 silly addNameRange     '1.3.2',
29 silly addNameRange     '1.3.3',
29 silly addNameRange     '1.3.4',
29 silly addNameRange     '1.3.5',
29 silly addNameRange     '1.3.6',
29 silly addNameRange     '1.3.7',
29 silly addNameRange     '1.3.8',
29 silly addNameRange     '1.3.9',
29 silly addNameRange     '1.3.10',
29 silly addNameRange     '1.3.11',
29 silly addNameRange     '1.3.12' ] ]
30 verbose addNamed [ 'bower', '1.3.12' ]
31 verbose addNamed [ '1.3.12', '1.3.12' ]
32 silly lockFile 9819431c-bower-1-3-12 bower@1.3.12
33 verbose lock bower@1.3.12 /Users/ryanbrownhill/.npm/9819431c-bower-1-3-12.lock
34 silly lockFile 9819431c-bower-1-3-12 bower@1.3.12
35 silly lockFile 9819431c-bower-1-3-12 bower@1.3.12
36 silly lockFile 1240aab1-bower bower@
37 silly lockFile 1240aab1-bower bower@
38 silly resolved [ { name: 'bower',
38 silly resolved     version: '1.3.12',
38 silly resolved     description: 'The browser package manager',
38 silly resolved     author: { name: 'Twitter' },
38 silly resolved     licenses: [ [Object] ],
38 silly resolved     repository: { type: 'git', url: 'https://github.com/bower/bower' },
38 silly resolved     main: 'lib',
38 silly resolved     homepage: 'http://bower.io',
38 silly resolved     engines: { node: '>=0.10.0' },
38 silly resolved     dependencies:
38 silly resolved      { abbrev: '~1.0.4',
38 silly resolved        archy: '0.0.2',
38 silly resolved        'bower-config': '~0.5.2',
38 silly resolved        'bower-endpoint-parser': '~0.2.2',
38 silly resolved        'bower-json': '~0.4.0',
38 silly resolved        'bower-logger': '~0.2.2',
38 silly resolved        'bower-registry-client': '~0.2.0',
38 silly resolved        cardinal: '0.4.0',
38 silly resolved        chalk: '0.5.0',
38 silly resolved        chmodr: '0.1.0',
38 silly resolved        'decompress-zip': '0.0.8',
38 silly resolved        fstream: '~1.0.2',
38 silly resolved        'fstream-ignore': '~1.0.1',
38 silly resolved        glob: '~4.0.2',
38 silly resolved        'graceful-fs': '~3.0.1',
38 silly resolved        handlebars: '~2.0.0',
38 silly resolved        inquirer: '0.7.1',
38 silly resolved        insight: '0.4.3',
38 silly resolved        'is-root': '~1.0.0',
38 silly resolved        junk: '~1.0.0',
38 silly resolved        lockfile: '~1.0.0',
38 silly resolved        'lru-cache': '~2.5.0',
38 silly resolved        mkdirp: '0.5.0',
38 silly resolved        mout: '~0.9.0',
38 silly resolved        nopt: '~3.0.0',
38 silly resolved        opn: '~1.0.0',
38 silly resolved        osenv: '0.1.0',
38 silly resolved        'p-throttler': '0.1.0',
38 silly resolved        promptly: '0.2.0',
38 silly resolved        q: '~1.0.1',
38 silly resolved        request: '~2.42.0',
38 silly resolved        'request-progress': '0.3.0',
38 silly resolved        retry: '0.6.0',
38 silly resolved        rimraf: '~2.2.0',
38 silly resolved        semver: '~2.3.0',
38 silly resolved        'shell-quote': '~1.4.1',
38 silly resolved        'stringify-object': '~1.0.0',
38 silly resolved        'tar-fs': '0.5.2',
38 silly resolved        tmp: '0.0.23',
38 silly resolved        'update-notifier': '0.2.0',
38 silly resolved        which: '~1.0.5' },
38 silly resolved     devDependencies:
38 silly resolved      { coveralls: '~2.11.0',
38 silly resolved        'expect.js': '~0.3.1',
38 silly resolved        grunt: '~0.4.4',
38 silly resolved        'grunt-cli': '^0.1.13',
38 silly resolved        'grunt-contrib-jshint': '~0.10.0',
38 silly resolved        'grunt-contrib-watch': '~0.6.1',
38 silly resolved        'grunt-exec': '~0.4.2',
38 silly resolved        'grunt-simple-mocha': '~0.4.0',
38 silly resolved        istanbul: '~0.3.2',
38 silly resolved        'load-grunt-tasks': '~0.6.0',
38 silly resolved        mocha: '~1.21.4',
38 silly resolved        nock: '~0.46.0',
38 silly resolved        'node-uuid': '~1.4.1',
38 silly resolved        proxyquire: '~1.0.1' },
38 silly resolved     scripts: { test: 'grunt test' },
38 silly resolved     bin: { bower: 'bin/bower' },
38 silly resolved     preferGlobal: true,
38 silly resolved     gitHead: 'b26c072f0db054a1902ec4d2e3726dbf8a1c799a',
38 silly resolved     bugs: { url: 'https://github.com/bower/bower/issues' },
38 silly resolved     _id: 'bower@1.3.12',
38 silly resolved     _shasum: '37de0edb3904baf90aee13384a1a379a05ee214c',
38 silly resolved     _from: 'bower@',
38 silly resolved     _npmVersion: '2.0.0',
38 silly resolved     _npmUser: { name: 'sheerun', email: 'sheerun@sher.pl' },
38 silly resolved     maintainers: [ [Object], [Object], [Object], [Object], [Object], [Object] ],
38 silly resolved     dist:
38 silly resolved      { shasum: '37de0edb3904baf90aee13384a1a379a05ee214c',
38 silly resolved        tarball: 'http://registry.npmjs.org/bower/-/bower-1.3.12.tgz' },
38 silly resolved     directories: {},
38 silly resolved     _resolved: 'https://registry.npmjs.org/bower/-/bower-1.3.12.tgz',
38 silly resolved     readme: 'ERROR: No README data found!' } ]
39 info install bower@1.3.12 into /usr/local/lib
40 info installOne bower@1.3.12
41 verbose lib/node_modules/bower unbuild
42 verbose tar unpack /Users/ryanbrownhill/.npm/bower/1.3.12/package.tgz
43 silly lockFile 1396471b-usr-local-lib-node-modules-bower tar:///usr/local/lib/node_modules/bower
44 verbose lock tar:///usr/local/lib/node_modules/bower /Users/ryanbrownhill/.npm/1396471b-usr-local-lib-node-modules-bower.lock
45 silly lockFile 0d0289ba-ill-npm-bower-1-3-12-package-tgz tar:///Users/ryanbrownhill/.npm/bower/1.3.12/package.tgz
46 verbose lock tar:///Users/ryanbrownhill/.npm/bower/1.3.12/package.tgz /Users/ryanbrownhill/.npm/0d0289ba-ill-npm-bower-1-3-12-package-tgz.lock
47 silly gunzTarPerm modes [ '755', '644' ]
48 error Error: EACCES, mkdir '/usr/local/lib/node_modules/bower'
48 error  { [Error: EACCES, mkdir '/usr/local/lib/node_modules/bower']
48 error   errno: 3,
48 error   code: 'EACCES',
48 error   path: '/usr/local/lib/node_modules/bower',
48 error   fstream_type: 'Directory',
48 error   fstream_path: '/usr/local/lib/node_modules/bower',
48 error   fstream_class: 'DirWriter',
48 error   fstream_stack:
48 error    [ '/usr/local/lib/node_modules/npm/node_modules/fstream/lib/dir-writer.js:36:23',
48 error      '/usr/local/lib/node_modules/npm/node_modules/mkdirp/index.js:46:53',
48 error      'Object.oncomplete (fs.js:108:15)' ] }
49 error Please try running this command again as root/Administrator.
50 error System Darwin 14.0.0
51 error command "node" "/usr/local/bin/npm" "install" "-g" "bower"
52 error cwd /Users/ryanbrownhill/Dropbox/_4_SIDE_PROJECTS/BLOGS/main-blog
53 error node -v v0.10.35
54 error npm -v 1.4.28
55 error path /usr/local/lib/node_modules/bower
56 error fstream_path /usr/local/lib/node_modules/bower
57 error fstream_type Directory
58 error fstream_class DirWriter
59 error code EACCES
60 error errno 3
61 error stack Error: EACCES, mkdir '/usr/local/lib/node_modules/bower'
62 error fstream_stack /usr/local/lib/node_modules/npm/node_modules/fstream/lib/dir-writer.js:36:23
62 error fstream_stack /usr/local/lib/node_modules/npm/node_modules/mkdirp/index.js:46:53
62 error fstream_stack Object.oncomplete (fs.js:108:15)
63 verbose exit [ 3, true ]
